<?xml version="1.0" encoding="UTF-8"?>
<!-- Generated by org.testng.reporters.JUnitXMLReporter -->
<testsuite hostname="DESKTOP-PSP68KB" ignored="0" name="Cubes.Edu Test Cases 1" tests="11" failures="0" timestamp="31 May 2023 09:00:53 GMT" time="371.316" errors="0">
  <testcase name="AllSearch" time="11.449" classname="com.cube.qa.testcases.PostListPageTest"/>
  <testcase name="AllSearchResultnotfound" time="1.546" classname="com.cube.qa.testcases.PostListPageTest"/>
  <testcase name="searchinTable" time="5.175" classname="com.cube.qa.testcases.PostListPageTest"/>
  <testcase name="ViewpostIconTest" time="15.5" classname="com.cube.qa.testcases.PostListPageTest"/>
  <testcase name="EditpostIconTest" time="32.003" classname="com.cube.qa.testcases.PostListPageTest"/>
  <testcase name="EnablePost" time="31.899" classname="com.cube.qa.testcases.PostListPageTest"/>
  <testcase name="DisablePost" time="37.644" classname="com.cube.qa.testcases.PostListPageTest"/>
  <testcase name="Unimportant" time="31.558" classname="com.cube.qa.testcases.PostListPageTest"/>
  <testcase name="ImportantPost" time="32.225" classname="com.cube.qa.testcases.PostListPageTest"/>
  <testcase name="DeletePost" time="35.678" classname="com.cube.qa.testcases.PostListPageTest"/>
  <testcase name="AddPost" time="4.824" classname="com.cube.qa.testcases.PostListPageTest"/>
</testsuite> <!-- Cubes.Edu Test Cases 1 -->
